2016-11-12 17:12:06,097 [INFO] from play.core.server.NettyServer in pool-5-thread-3 - Listening for HTTP on /0:0:0:0:0:0:0:0:9000
>2016-11-12 17:12:21,845 - from application in netty-event-loop-3 


! @723fc1050 - Internal server error, for (GET) [/] ->
 
play.api.PlayException: Cannot load module[Module [fi.shika.schedule.di.Module] cannot be instantiated.]
	at play.api.inject.Modules$.play$api$inject$Modules$$constructModule(Module.scala:147)
	at play.api.inject.Modules$$anonfun$locate$1.apply(Module.scala:114)
	at play.api.inject.Modules$$anonfun$locate$1.apply(Module.scala:113)
	at scala.collection.TraversableLike$$anonfun$map$1.apply(TraversableLike.scala:234)
	at scala.collection.TraversableLike$$anonfun$map$1.apply(TraversableLike.scala:234)
	at scala.collection.immutable.HashSet$HashSet1.foreach(HashSet.scala:316)
	at scala.collection.immutable.HashSet$HashTrieSet.foreach(HashSet.scala:972)
	at scala.collection.TraversableLike$class.map(TraversableLike.scala:234)
	at scala.collection.AbstractSet.scala$collection$SetLike$$super$map(Set.scala:47)
	at scala.collection.SetLike$class.map(SetLike.scala:92)
	at scala.collection.AbstractSet.map(Set.scala:47)
	at play.api.inject.Modules$.locate(Module.scala:113)
	at play.api.inject.guice.GuiceableModule$.loadModules(GuiceInjectorBuilder.scala:272)
	at play.api.inject.guice.GuiceApplicationBuilder$$anonfun$$lessinit$greater$default$10$1.apply(GuiceApplicationBuilder.scala:30)
	at play.api.inject.guice.GuiceApplicationBuilder$$anonfun$$lessinit$greater$default$10$1.apply(GuiceApplicationBuilder.scala:30)
	at play.api.inject.guice.GuiceApplicationBuilder.applicationModule(GuiceApplicationBuilder.scala:109)
	at play.api.inject.guice.GuiceBuilder.injector(GuiceInjectorBuilder.scala:181)
	at play.api.inject.guice.GuiceApplicationBuilder.build(GuiceApplicationBuilder.scala:123)
	at play.api.inject.guice.GuiceApplicationLoader.load(GuiceApplicationLoader.scala:21)
	at play.core.server.DevServerStart$$anonfun$mainDev$1$$anon$1$$anonfun$get$1$$anonfun$apply$1$$anonfun$1$$anonfun$2.apply(DevServerStart.scala:158)
	at play.core.server.DevServerStart$$anonfun$mainDev$1$$anon$1$$anonfun$get$1$$anonfun$apply$1$$anonfun$1$$anonfun$2.apply(DevServerStart.scala:155)
	at play.utils.Threads$.withContextClassLoader(Threads.scala:21)
	at play.core.server.DevServerStart$$anonfun$mainDev$1$$anon$1$$anonfun$get$1$$anonfun$apply$1$$anonfun$1.apply(DevServerStart.scala:155)
	at play.core.server.DevServerStart$$anonfun$mainDev$1$$anon$1$$anonfun$get$1$$anonfun$apply$1$$anonfun$1.apply(DevServerStart.scala:126)
	at scala.Option.map(Option.scala:146)
	at play.core.server.DevServerStart$$anonfun$mainDev$1$$anon$1$$anonfun$get$1$$anonfun$apply$1.apply(DevServerStart.scala:126)
	at play.core.server.DevServerStart$$anonfun$mainDev$1$$anon$1$$anonfun$get$1$$anonfun$apply$1.apply(DevServerStart.scala:124)
	at scala.util.Success.flatMap(Try.scala:231)
	at play.core.server.DevServerStart$$anonfun$mainDev$1$$anon$1$$anonfun$get$1.apply(DevServerStart.scala:124)
	at play.core.server.DevServerStart$$anonfun$mainDev$1$$anon$1$$anonfun$get$1.apply(DevServerStart.scala:116)
	at scala.concurrent.impl.Future$PromiseCompletingRunnable.liftedTree1$1(Future.scala:24)
	at scala.concurrent.impl.Future$PromiseCompletingRunnable.run(Future.scala:24)
	at java.util.concurrent.ForkJoinTask$RunnableExecuteAction.exec(ForkJoinTask.java:1402)
	at java.util.concurrent.ForkJoinTask.doExec(ForkJoinTask.java:289)
	at java.util.concurrent.ForkJoinPool$WorkQueue.runTask(ForkJoinPool.java:1056)
	at java.util.concurrent.ForkJoinPool.runWorker(ForkJoinPool.java:1692)
	at java.util.concurrent.ForkJoinWorkerThread.run(ForkJoinWorkerThread.java:157)
Caused by: java.lang.ClassNotFoundException: fi.shika.schedule.di.Module
	at java.net.URLClassLoader.findClass(URLClassLoader.java:381)
	at java.lang.ClassLoader.loadClass(ClassLoader.java:424)
	at java.lang.ClassLoader.loadClass(ClassLoader.java:357)
	at play.api.inject.Modules$$anonfun$locate$1$$anonfun$apply$1.apply(Module.scala:115)
	at play.api.inject.Modules$$anonfun$locate$1$$anonfun$apply$1.apply(Module.scala:115)
	at play.api.inject.Modules$.play$api$inject$Modules$$constructModule(Module.scala:121)
	... 36 common frames omitted

>2016-11-12 17:13:11,279 - from akka.event.slf4j.Slf4jLogger in application-akka.actor.default-dispatcher-2 
Slf4jLogger started

>2016-11-12 17:13:11,290 - from play.api.libs.concurrent.ActorSystemProvider in ForkJoinPool-1-worker-2 
Starting application default Akka system: application

>2016-11-12 17:13:11,309 - from play.api.Play in ForkJoinPool-1-worker-2 
Application started (Dev)

>2016-11-12 17:20:57,648 - from application in netty-event-loop-6 


! @723fd498b - Internal server error, for (GET) [/] ->
 
play.sbt.PlayExceptions$CompilationException: Compilation error[type shika is not a member of package fi]
	at play.sbt.PlayExceptions$CompilationException$.apply(PlayExceptions.scala:27)
	at play.sbt.PlayExceptions$CompilationException$.apply(PlayExceptions.scala:27)
	at scala.Option.map(Option.scala:145)
	at play.sbt.run.PlayReload$$anonfun$taskFailureHandler$1.apply(PlayReload.scala:49)
	at play.sbt.run.PlayReload$$anonfun$taskFailureHandler$1.apply(PlayReload.scala:44)
	at scala.Option.map(Option.scala:145)
	at play.sbt.run.PlayReload$.taskFailureHandler(PlayReload.scala:44)
	at play.sbt.run.PlayReload$.compileFailure(PlayReload.scala:40)
	at play.sbt.run.PlayReload$$anonfun$compile$1.apply(PlayReload.scala:17)
	at play.sbt.run.PlayReload$$anonfun$compile$1.apply(PlayReload.scala:17)
	at scala.util.Either$LeftProjection.map(Either.scala:377)
	at play.sbt.run.PlayReload$.compile(PlayReload.scala:17)
	at play.sbt.run.PlayRun$$anonfun$playRunTask$1$$anonfun$apply$2$$anonfun$apply$3$$anonfun$2.apply(PlayRun.scala:61)
	at play.sbt.run.PlayRun$$anonfun$playRunTask$1$$anonfun$apply$2$$anonfun$apply$3$$anonfun$2.apply(PlayRun.scala:61)
	at play.runsupport.Reloader$$anonfun$reload$1.apply(Reloader.scala:338)
	at play.runsupport.Reloader$$anon$3.run(Reloader.scala:43)
	at java.security.AccessController.doPrivileged(Native Method)
	at play.runsupport.Reloader$.play$runsupport$Reloader$$withReloaderContextClassLoader(Reloader.scala:39)
	at play.runsupport.Reloader.reload(Reloader.scala:336)
	at play.core.server.DevServerStart$$anonfun$mainDev$1$$anon$1$$anonfun$get$1.apply(DevServerStart.scala:118)
	at play.core.server.DevServerStart$$anonfun$mainDev$1$$anon$1$$anonfun$get$1.apply(DevServerStart.scala:116)
	at scala.concurrent.impl.Future$PromiseCompletingRunnable.liftedTree1$1(Future.scala:24)
	at scala.concurrent.impl.Future$PromiseCompletingRunnable.run(Future.scala:24)
	at akka.dispatch.TaskInvocation.run(AbstractDispatcher.scala:39)
	at akka.dispatch.ForkJoinExecutorConfigurator$AkkaForkJoinTask.exec(AbstractDispatcher.scala:405)
	at scala.concurrent.forkjoin.ForkJoinTask.doExec(ForkJoinTask.java:260)
	at scala.concurrent.forkjoin.ForkJoinPool$WorkQueue.runTask(ForkJoinPool.java:1339)
	at scala.concurrent.forkjoin.ForkJoinPool.runWorker(ForkJoinPool.java:1979)
	at scala.concurrent.forkjoin.ForkJoinWorkerThread.run(ForkJoinWorkerThread.java:107)

>2016-11-12 17:21:01,417 - from application in netty-event-loop-6 


! @723fd4enb - Internal server error, for (GET) [/users/] ->
 
play.sbt.PlayExceptions$CompilationException: Compilation error[type shika is not a member of package fi]
	at play.sbt.PlayExceptions$CompilationException$.apply(PlayExceptions.scala:27)
	at play.sbt.PlayExceptions$CompilationException$.apply(PlayExceptions.scala:27)
	at scala.Option.map(Option.scala:145)
	at play.sbt.run.PlayReload$$anonfun$taskFailureHandler$1.apply(PlayReload.scala:49)
	at play.sbt.run.PlayReload$$anonfun$taskFailureHandler$1.apply(PlayReload.scala:44)
	at scala.Option.map(Option.scala:145)
	at play.sbt.run.PlayReload$.taskFailureHandler(PlayReload.scala:44)
	at play.sbt.run.PlayReload$.compileFailure(PlayReload.scala:40)
	at play.sbt.run.PlayReload$$anonfun$compile$1.apply(PlayReload.scala:17)
	at play.sbt.run.PlayReload$$anonfun$compile$1.apply(PlayReload.scala:17)
	at scala.util.Either$LeftProjection.map(Either.scala:377)
	at play.sbt.run.PlayReload$.compile(PlayReload.scala:17)
	at play.sbt.run.PlayRun$$anonfun$playRunTask$1$$anonfun$apply$2$$anonfun$apply$3$$anonfun$2.apply(PlayRun.scala:61)
	at play.sbt.run.PlayRun$$anonfun$playRunTask$1$$anonfun$apply$2$$anonfun$apply$3$$anonfun$2.apply(PlayRun.scala:61)
	at play.runsupport.Reloader$$anonfun$reload$1.apply(Reloader.scala:338)
	at play.runsupport.Reloader$$anon$3.run(Reloader.scala:43)
	at java.security.AccessController.doPrivileged(Native Method)
	at play.runsupport.Reloader$.play$runsupport$Reloader$$withReloaderContextClassLoader(Reloader.scala:39)
	at play.runsupport.Reloader.reload(Reloader.scala:336)
	at play.core.server.DevServerStart$$anonfun$mainDev$1$$anon$1$$anonfun$get$1.apply(DevServerStart.scala:118)
	at play.core.server.DevServerStart$$anonfun$mainDev$1$$anon$1$$anonfun$get$1.apply(DevServerStart.scala:116)
	at scala.concurrent.impl.Future$PromiseCompletingRunnable.liftedTree1$1(Future.scala:24)
	at scala.concurrent.impl.Future$PromiseCompletingRunnable.run(Future.scala:24)
	at akka.dispatch.TaskInvocation.run(AbstractDispatcher.scala:39)
	at akka.dispatch.ForkJoinExecutorConfigurator$AkkaForkJoinTask.exec(AbstractDispatcher.scala:405)
	at scala.concurrent.forkjoin.ForkJoinTask.doExec(ForkJoinTask.java:260)
	at scala.concurrent.forkjoin.ForkJoinPool$WorkQueue.runTask(ForkJoinPool.java:1339)
	at scala.concurrent.forkjoin.ForkJoinPool.runWorker(ForkJoinPool.java:1979)
	at scala.concurrent.forkjoin.ForkJoinWorkerThread.run(ForkJoinWorkerThread.java:107)

>2016-11-12 17:21:30,458 - from play.api.libs.concurrent.ActorSystemProvider in application-akka.actor.default-dispatcher-5 
Shutdown application default Akka system: application

>2016-11-12 17:21:30,752 - from akka.event.slf4j.Slf4jLogger in application-akka.actor.default-dispatcher-2 
Slf4jLogger started

>2016-11-12 17:21:30,755 - from play.api.libs.concurrent.ActorSystemProvider in application-akka.actor.default-dispatcher-5 
Starting application default Akka system: application

>2016-11-12 17:21:30,795 - from application in netty-event-loop-6 


! @723fd6698 - Internal server error, for (GET) [/users/] ->
 
play.api.UnexpectedException: Unexpected exception[ProvisionException: Unable to provision, see the following errors:

1) Could not find a suitable constructor in fi.shika.schedule.controller.UserController. Classes must have either one (and only one) constructor annotated with @Inject or a zero-argument constructor that is not private.
  at fi.shika.schedule.controller.UserController.class(UserController.scala:8)
  while locating com.google.inject.Provider<fi.shika.schedule.controller.UserController>
    for parameter 1 at router.Routes.<init>(Routes.scala:27)
  while locating router.Routes
  while locating play.api.inject.RoutesProvider
  while locating play.api.routing.Router
    for parameter 0 at play.api.http.JavaCompatibleHttpRequestHandler.<init>(HttpRequestHandler.scala:200)
  while locating play.api.http.JavaCompatibleHttpRequestHandler
  while locating play.api.http.HttpRequestHandler
    for parameter 4 at play.api.DefaultApplication.<init>(Application.scala:221)
  at play.api.DefaultApplication.class(Application.scala:221)
  while locating play.api.DefaultApplication
  while locating play.api.Application

1 error]
	at play.core.server.DevServerStart$$anonfun$mainDev$1$$anon$1$$anonfun$get$1$$anonfun$apply$1$$anonfun$1.apply(DevServerStart.scala:170)
	at play.core.server.DevServerStart$$anonfun$mainDev$1$$anon$1$$anonfun$get$1$$anonfun$apply$1$$anonfun$1.apply(DevServerStart.scala:126)
	at scala.Option.map(Option.scala:146)
	at play.core.server.DevServerStart$$anonfun$mainDev$1$$anon$1$$anonfun$get$1$$anonfun$apply$1.apply(DevServerStart.scala:126)
	at play.core.server.DevServerStart$$anonfun$mainDev$1$$anon$1$$anonfun$get$1$$anonfun$apply$1.apply(DevServerStart.scala:124)
	at scala.util.Success.flatMap(Try.scala:231)
	at play.core.server.DevServerStart$$anonfun$mainDev$1$$anon$1$$anonfun$get$1.apply(DevServerStart.scala:124)
	at play.core.server.DevServerStart$$anonfun$mainDev$1$$anon$1$$anonfun$get$1.apply(DevServerStart.scala:116)
	at scala.concurrent.impl.Future$PromiseCompletingRunnable.liftedTree1$1(Future.scala:24)
	at scala.concurrent.impl.Future$PromiseCompletingRunnable.run(Future.scala:24)
	at akka.dispatch.TaskInvocation.run(AbstractDispatcher.scala:39)
	at akka.dispatch.ForkJoinExecutorConfigurator$AkkaForkJoinTask.exec(AbstractDispatcher.scala:405)
	at scala.concurrent.forkjoin.ForkJoinTask.doExec(ForkJoinTask.java:260)
	at scala.concurrent.forkjoin.ForkJoinPool$WorkQueue.runTask(ForkJoinPool.java:1339)
	at scala.concurrent.forkjoin.ForkJoinPool.runWorker(ForkJoinPool.java:1979)
	at scala.concurrent.forkjoin.ForkJoinWorkerThread.run(ForkJoinWorkerThread.java:107)
Caused by: com.google.inject.ProvisionException: Unable to provision, see the following errors:

1) Could not find a suitable constructor in fi.shika.schedule.controller.UserController. Classes must have either one (and only one) constructor annotated with @Inject or a zero-argument constructor that is not private.
  at fi.shika.schedule.controller.UserController.class(UserController.scala:8)
  while locating com.google.inject.Provider<fi.shika.schedule.controller.UserController>
    for parameter 1 at router.Routes.<init>(Routes.scala:27)
  while locating router.Routes
  while locating play.api.inject.RoutesProvider
  while locating play.api.routing.Router
    for parameter 0 at play.api.http.JavaCompatibleHttpRequestHandler.<init>(HttpRequestHandler.scala:200)
  while locating play.api.http.JavaCompatibleHttpRequestHandler
  while locating play.api.http.HttpRequestHandler
    for parameter 4 at play.api.DefaultApplication.<init>(Application.scala:221)
  at play.api.DefaultApplication.class(Application.scala:221)
  while locating play.api.DefaultApplication
  while locating play.api.Application

1 error
	at com.google.inject.internal.InjectorImpl$2.get(InjectorImpl.java:1025)
	at com.google.inject.internal.InjectorImpl.getInstance(InjectorImpl.java:1051)
	at play.api.inject.guice.GuiceInjector.instanceOf(GuiceInjectorBuilder.scala:405)
	at play.api.inject.guice.GuiceInjector.instanceOf(GuiceInjectorBuilder.scala:400)
	at play.api.inject.guice.GuiceApplicationBuilder.build(GuiceApplicationBuilder.scala:123)
	at play.api.inject.guice.GuiceApplicationLoader.load(GuiceApplicationLoader.scala:21)
	at play.core.server.DevServerStart$$anonfun$mainDev$1$$anon$1$$anonfun$get$1$$anonfun$apply$1$$anonfun$1$$anonfun$2.apply(DevServerStart.scala:158)
	at play.core.server.DevServerStart$$anonfun$mainDev$1$$anon$1$$anonfun$get$1$$anonfun$apply$1$$anonfun$1$$anonfun$2.apply(DevServerStart.scala:155)
	at play.utils.Threads$.withContextClassLoader(Threads.scala:21)
	at play.core.server.DevServerStart$$anonfun$mainDev$1$$anon$1$$anonfun$get$1$$anonfun$apply$1$$anonfun$1.apply(DevServerStart.scala:155)
	... 15 common frames omitted

>2016-11-12 17:22:42,391 - from akka.event.slf4j.Slf4jLogger in application-akka.actor.default-dispatcher-4 
Slf4jLogger started

>2016-11-12 17:22:42,396 - from play.api.libs.concurrent.ActorSystemProvider in ForkJoinPool-1-worker-3 
Starting application default Akka system: application

>2016-11-12 17:22:42,401 - from play.api.Play in ForkJoinPool-1-worker-3 
Application started (Dev)

